2025-07-15 17:11:01,009 - ERROR - âŒ í†µí•© ìŠ¤ì¼€ì¤„ë§ ì¤‘ ì˜ˆì™¸ ë°œìƒ: name 'set_safe_cpsat_parameters' is not defined
2025-07-15 17:11:01,022 - ERROR - Traceback (most recent call last):
  File "C:\git\interview-scheduler\solver\unified_cpsat_scheduler.py", line 105, in schedule_unified
    set_safe_cpsat_parameters(solver)
    ^^^^^^^^^^^^^^^^^^^^^^^^^
NameError: name 'set_safe_cpsat_parameters' is not defined

2025-07-15 17:11:01,038 - ERROR - í™œë™ í† ë¡ ë©´ì ‘ì— ì‚¬ìš© ê°€ëŠ¥í•œ ë°©ì´ ì—†ìŠµë‹ˆë‹¤
2025-07-15 17:11:01,060 - ERROR - í™œë™ í† ë¡ ë©´ì ‘ ìŠ¤ì¼€ì¤„ë§ ì‹¤íŒ¨
2025-07-15 17:11:01,074 - ERROR - í™œë™ í† ë¡ ë©´ì ‘ì— ì‚¬ìš© ê°€ëŠ¥í•œ ë°©ì´ ì—†ìŠµë‹ˆë‹¤
2025-07-15 17:11:01,103 - ERROR - í™œë™ í† ë¡ ë©´ì ‘ ìŠ¤ì¼€ì¤„ë§ ì‹¤íŒ¨
2025-07-15 17:11:01,117 - ERROR - í™œë™ í† ë¡ ë©´ì ‘ì— ì‚¬ìš© ê°€ëŠ¥í•œ ë°©ì´ ì—†ìŠµë‹ˆë‹¤
2025-07-15 17:11:01,138 - ERROR - í™œë™ í† ë¡ ë©´ì ‘ ìŠ¤ì¼€ì¤„ë§ ì‹¤íŒ¨
2025-07-15 17:11:01,157 - ERROR - í™œë™ í† ë¡ ë©´ì ‘ì— ì‚¬ìš© ê°€ëŠ¥í•œ ë°©ì´ ì—†ìŠµë‹ˆë‹¤
2025-07-15 17:11:01,174 - ERROR - í™œë™ í† ë¡ ë©´ì ‘ ìŠ¤ì¼€ì¤„ë§ ì‹¤íŒ¨
2025-07-15 17:11:01,207 - ERROR - í™œë™ í† ë¡ ë©´ì ‘ì— ì‚¬ìš© ê°€ëŠ¥í•œ ë°©ì´ ì—†ìŠµë‹ˆë‹¤
2025-07-15 17:11:01,243 - ERROR - í™œë™ í† ë¡ ë©´ì ‘ ìŠ¤ì¼€ì¤„ë§ ì‹¤íŒ¨
2025-07-15 17:11:01,273 - ERROR - 2025-07-15: ì‹¤íŒ¨ - Level 2 ì‹¤íŒ¨: Batched í™œë™ ìŠ¤ì¼€ì¤„ë§ ë¶ˆê°€
2025-07-15 17:11:01,284 - ERROR - [ì˜¤ë¥˜] ìŠ¤ì¼€ì¤„ë§ ì‹¤íŒ¨, ì‹¤íŒ¨ ë‚ ì§œ: [datetime.datetime(2025, 7, 15, 0, 0)]
2025-07-15 17:11:01,296 - ERROR - ğŸ’¥ [2025-07-15] ì˜ˆì™¸ ë°œìƒ: 'dict' object has no attribute 'status'
2025-07-15 17:11:01,435 - ERROR - âŒ í†µí•© ìŠ¤ì¼€ì¤„ë§ ì¤‘ ì˜ˆì™¸ ë°œìƒ: name 'set_safe_cpsat_parameters' is not defined
2025-07-15 17:11:01,453 - ERROR - Traceback (most recent call last):
  File "C:\git\interview-scheduler\solver\unified_cpsat_scheduler.py", line 105, in schedule_unified
    set_safe_cpsat_parameters(solver)
    ^^^^^^^^^^^^^^^^^^^^^^^^^
NameError: name 'set_safe_cpsat_parameters' is not defined

2025-07-15 17:11:01,490 - ERROR - í™œë™ í† ë¡ ë©´ì ‘ì— ì‚¬ìš© ê°€ëŠ¥í•œ ë°©ì´ ì—†ìŠµë‹ˆë‹¤
2025-07-15 17:11:01,516 - ERROR - í™œë™ í† ë¡ ë©´ì ‘ ìŠ¤ì¼€ì¤„ë§ ì‹¤íŒ¨
2025-07-15 17:11:01,535 - ERROR - í™œë™ í† ë¡ ë©´ì ‘ì— ì‚¬ìš© ê°€ëŠ¥í•œ ë°©ì´ ì—†ìŠµë‹ˆë‹¤
2025-07-15 17:11:01,556 - ERROR - í™œë™ í† ë¡ ë©´ì ‘ ìŠ¤ì¼€ì¤„ë§ ì‹¤íŒ¨
2025-07-15 17:11:01,576 - ERROR - í™œë™ í† ë¡ ë©´ì ‘ì— ì‚¬ìš© ê°€ëŠ¥í•œ ë°©ì´ ì—†ìŠµë‹ˆë‹¤
2025-07-15 17:11:01,589 - ERROR - í™œë™ í† ë¡ ë©´ì ‘ ìŠ¤ì¼€ì¤„ë§ ì‹¤íŒ¨
2025-07-15 17:11:01,603 - ERROR - í™œë™ í† ë¡ ë©´ì ‘ì— ì‚¬ìš© ê°€ëŠ¥í•œ ë°©ì´ ì—†ìŠµë‹ˆë‹¤
2025-07-15 17:11:01,630 - ERROR - í™œë™ í† ë¡ ë©´ì ‘ ìŠ¤ì¼€ì¤„ë§ ì‹¤íŒ¨
2025-07-15 17:11:01,641 - ERROR - í™œë™ í† ë¡ ë©´ì ‘ì— ì‚¬ìš© ê°€ëŠ¥í•œ ë°©ì´ ì—†ìŠµë‹ˆë‹¤
2025-07-15 17:11:01,665 - ERROR - í™œë™ í† ë¡ ë©´ì ‘ ìŠ¤ì¼€ì¤„ë§ ì‹¤íŒ¨
2025-07-15 17:11:01,685 - ERROR - 2025-07-16: ì‹¤íŒ¨ - Level 2 ì‹¤íŒ¨: Batched í™œë™ ìŠ¤ì¼€ì¤„ë§ ë¶ˆê°€
2025-07-15 17:11:01,711 - ERROR - [ì˜¤ë¥˜] ìŠ¤ì¼€ì¤„ë§ ì‹¤íŒ¨, ì‹¤íŒ¨ ë‚ ì§œ: [datetime.datetime(2025, 7, 16, 0, 0)]
2025-07-15 17:11:01,722 - ERROR - ğŸ’¥ [2025-07-16] ì˜ˆì™¸ ë°œìƒ: 'dict' object has no attribute 'status'
2025-07-15 17:11:01,820 - ERROR - âŒ í†µí•© ìŠ¤ì¼€ì¤„ë§ ì¤‘ ì˜ˆì™¸ ë°œìƒ: name 'set_safe_cpsat_parameters' is not defined
2025-07-15 17:11:01,843 - ERROR - Traceback (most recent call last):
  File "C:\git\interview-scheduler\solver\unified_cpsat_scheduler.py", line 105, in schedule_unified
    set_safe_cpsat_parameters(solver)
    ^^^^^^^^^^^^^^^^^^^^^^^^^
NameError: name 'set_safe_cpsat_parameters' is not defined

2025-07-15 17:11:01,854 - ERROR - í™œë™ í† ë¡ ë©´ì ‘ì— ì‚¬ìš© ê°€ëŠ¥í•œ ë°©ì´ ì—†ìŠµë‹ˆë‹¤
2025-07-15 17:11:01,875 - ERROR - í™œë™ í† ë¡ ë©´ì ‘ ìŠ¤ì¼€ì¤„ë§ ì‹¤íŒ¨
2025-07-15 17:11:01,894 - ERROR - í™œë™ í† ë¡ ë©´ì ‘ì— ì‚¬ìš© ê°€ëŠ¥í•œ ë°©ì´ ì—†ìŠµë‹ˆë‹¤
2025-07-15 17:11:01,927 - ERROR - í™œë™ í† ë¡ ë©´ì ‘ ìŠ¤ì¼€ì¤„ë§ ì‹¤íŒ¨
2025-07-15 17:11:01,956 - ERROR - í™œë™ í† ë¡ ë©´ì ‘ì— ì‚¬ìš© ê°€ëŠ¥í•œ ë°©ì´ ì—†ìŠµë‹ˆë‹¤
2025-07-15 17:11:01,997 - ERROR - í™œë™ í† ë¡ ë©´ì ‘ ìŠ¤ì¼€ì¤„ë§ ì‹¤íŒ¨
2025-07-15 17:11:02,017 - ERROR - í™œë™ í† ë¡ ë©´ì ‘ì— ì‚¬ìš© ê°€ëŠ¥í•œ ë°©ì´ ì—†ìŠµë‹ˆë‹¤
2025-07-15 17:11:02,037 - ERROR - í™œë™ í† ë¡ ë©´ì ‘ ìŠ¤ì¼€ì¤„ë§ ì‹¤íŒ¨
2025-07-15 17:11:02,069 - ERROR - í™œë™ í† ë¡ ë©´ì ‘ì— ì‚¬ìš© ê°€ëŠ¥í•œ ë°©ì´ ì—†ìŠµë‹ˆë‹¤
2025-07-15 17:11:02,088 - ERROR - í™œë™ í† ë¡ ë©´ì ‘ ìŠ¤ì¼€ì¤„ë§ ì‹¤íŒ¨
2025-07-15 17:11:02,101 - ERROR - 2025-07-17: ì‹¤íŒ¨ - Level 2 ì‹¤íŒ¨: Batched í™œë™ ìŠ¤ì¼€ì¤„ë§ ë¶ˆê°€
2025-07-15 17:11:02,131 - ERROR - [ì˜¤ë¥˜] ìŠ¤ì¼€ì¤„ë§ ì‹¤íŒ¨, ì‹¤íŒ¨ ë‚ ì§œ: [datetime.datetime(2025, 7, 17, 0, 0)]
2025-07-15 17:11:02,142 - ERROR - ğŸ’¥ [2025-07-17] ì˜ˆì™¸ ë°œìƒ: 'dict' object has no attribute 'status'
2025-07-15 17:11:02,244 - ERROR - âŒ í†µí•© ìŠ¤ì¼€ì¤„ë§ ì¤‘ ì˜ˆì™¸ ë°œìƒ: name 'set_safe_cpsat_parameters' is not defined
2025-07-15 17:11:02,254 - ERROR - Traceback (most recent call last):
  File "C:\git\interview-scheduler\solver\unified_cpsat_scheduler.py", line 105, in schedule_unified
    set_safe_cpsat_parameters(solver)
    ^^^^^^^^^^^^^^^^^^^^^^^^^
NameError: name 'set_safe_cpsat_parameters' is not defined

2025-07-15 17:11:02,273 - ERROR - í™œë™ í† ë¡ ë©´ì ‘ì— ì‚¬ìš© ê°€ëŠ¥í•œ ë°©ì´ ì—†ìŠµë‹ˆë‹¤
2025-07-15 17:11:02,288 - ERROR - í™œë™ í† ë¡ ë©´ì ‘ ìŠ¤ì¼€ì¤„ë§ ì‹¤íŒ¨
2025-07-15 17:11:02,312 - ERROR - í™œë™ í† ë¡ ë©´ì ‘ì— ì‚¬ìš© ê°€ëŠ¥í•œ ë°©ì´ ì—†ìŠµë‹ˆë‹¤
2025-07-15 17:11:02,319 - ERROR - í™œë™ í† ë¡ ë©´ì ‘ ìŠ¤ì¼€ì¤„ë§ ì‹¤íŒ¨
2025-07-15 17:11:02,352 - ERROR - í™œë™ í† ë¡ ë©´ì ‘ì— ì‚¬ìš© ê°€ëŠ¥í•œ ë°©ì´ ì—†ìŠµë‹ˆë‹¤
2025-07-15 17:11:02,358 - ERROR - í™œë™ í† ë¡ ë©´ì ‘ ìŠ¤ì¼€ì¤„ë§ ì‹¤íŒ¨
2025-07-15 17:11:02,372 - ERROR - í™œë™ í† ë¡ ë©´ì ‘ì— ì‚¬ìš© ê°€ëŠ¥í•œ ë°©ì´ ì—†ìŠµë‹ˆë‹¤
2025-07-15 17:11:02,399 - ERROR - í™œë™ í† ë¡ ë©´ì ‘ ìŠ¤ì¼€ì¤„ë§ ì‹¤íŒ¨
2025-07-15 17:11:02,426 - ERROR - í™œë™ í† ë¡ ë©´ì ‘ì— ì‚¬ìš© ê°€ëŠ¥í•œ ë°©ì´ ì—†ìŠµë‹ˆë‹¤
2025-07-15 17:11:02,437 - ERROR - í™œë™ í† ë¡ ë©´ì ‘ ìŠ¤ì¼€ì¤„ë§ ì‹¤íŒ¨
2025-07-15 17:11:02,450 - ERROR - 2025-07-18: ì‹¤íŒ¨ - Level 2 ì‹¤íŒ¨: Batched í™œë™ ìŠ¤ì¼€ì¤„ë§ ë¶ˆê°€
2025-07-15 17:11:02,468 - ERROR - [ì˜¤ë¥˜] ìŠ¤ì¼€ì¤„ë§ ì‹¤íŒ¨, ì‹¤íŒ¨ ë‚ ì§œ: [datetime.datetime(2025, 7, 18, 0, 0)]
2025-07-15 17:11:02,480 - ERROR - ğŸ’¥ [2025-07-18] ì˜ˆì™¸ ë°œìƒ: 'dict' object has no attribute 'status'
